<?xml version="1.0" encoding="UTF-8"?>
<testsuite name="LeapTestsV5" tests="5" skipped="0" failures="0" errors="0" timestamp="2021-04-22T14:41:31" hostname="L01215" time="0.022">
  <properties/>
  <testcase name="test_leap_year_1()" classname="LeapTestsV5" time="0.013"/>
  <testcase name="test_leap_year_2()" classname="LeapTestsV5" time="0.001"/>
  <testcase name="test_leap_year_3()" classname="LeapTestsV5" time="0.001"/>
  <testcase name="test_leap_year_6()" classname="LeapTestsV5" time="0.001"/>
  <testcase name="test_leap_year_7()" classname="LeapTestsV5" time="0.002"/>
  <system-out><![CDATA[]]></system-out>
  <system-err><![CDATA[]]></system-err>
</testsuite>
