<?xml version="1.0" encoding="UTF-8"?>
<testsuite name="Testfe" tests="1" skipped="0" failures="0" errors="0" timestamp="2021-04-22T12:43:47" hostname="L01215" time="0.026">
  <properties/>
  <testcase name="tests()" classname="Testfe" time="0.026"/>
  <system-out><![CDATA[]]></system-out>
  <system-err><![CDATA[]]></system-err>
</testsuite>
