<?xml version="1.0" encoding="UTF-8"?>
<testsuite name="Test" tests="3" skipped="0" failures="0" errors="0" timestamp="2021-04-22T14:07:02" hostname="L01215" time="0.018">
  <properties/>
  <testcase name="triggerFalse1()" classname="Test" time="0.015"/>
  <testcase name="triggerFalse2()" classname="Test" time="0.0"/>
  <testcase name="triggerTrue()" classname="Test" time="0.001"/>
  <system-out><![CDATA[]]></system-out>
  <system-err><![CDATA[]]></system-err>
</testsuite>
